Determining if the Q_WS_WIN exist failed with the following output:
Change Dir: /build/kiss-script/pcompiler/build/CMakeFiles/CMakeTmp

Run Build Command:/usr/bin/make "cmTryCompileExec416958690/fast"
/usr/bin/make -f CMakeFiles/cmTryCompileExec416958690.dir/build.make CMakeFiles/cmTryCompileExec416958690.dir/build
make[1]: Entering directory `/build/kiss-script/pcompiler/build/CMakeFiles/CMakeTmp'
/usr/bin/cmake -E cmake_progress_report /build/kiss-script/pcompiler/build/CMakeFiles/CMakeTmp/CMakeFiles 1
Building CXX object CMakeFiles/cmTryCompileExec416958690.dir/CheckSymbolExists.cxx.o
/usr/bin/c++    -I/usr/include/qt4    -o CMakeFiles/cmTryCompileExec416958690.dir/CheckSymbolExists.cxx.o -c /build/kiss-script/pcompiler/build/CMakeFiles/CMakeTmp/CheckSymbolExists.cxx
/build/kiss-script/pcompiler/build/CMakeFiles/CMakeTmp/CheckSymbolExists.cxx: In function ‘int main(int, char**)’:
/build/kiss-script/pcompiler/build/CMakeFiles/CMakeTmp/CheckSymbolExists.cxx:8:19: error: ‘Q_WS_WIN’ was not declared in this scope
make[1]: *** [CMakeFiles/cmTryCompileExec416958690.dir/CheckSymbolExists.cxx.o] Error 1
make[1]: Leaving directory `/build/kiss-script/pcompiler/build/CMakeFiles/CMakeTmp'
make: *** [cmTryCompileExec416958690/fast] Error 2

File /build/kiss-script/pcompiler/build/CMakeFiles/CMakeTmp/CheckSymbolExists.cxx:
/* */
#include <QtCore/qglobal.h>

int main(int argc, char** argv)
{
  (void)argv;
#ifndef Q_WS_WIN
  return ((int*)(&Q_WS_WIN))[argc];
#else
  (void)argc;
  return 0;
#endif
}

Determining if the Q_WS_QWS exist failed with the following output:
Change Dir: /build/kiss-script/pcompiler/build/CMakeFiles/CMakeTmp

Run Build Command:/usr/bin/make "cmTryCompileExec283467275/fast"
/usr/bin/make -f CMakeFiles/cmTryCompileExec283467275.dir/build.make CMakeFiles/cmTryCompileExec283467275.dir/build
make[1]: Entering directory `/build/kiss-script/pcompiler/build/CMakeFiles/CMakeTmp'
/usr/bin/cmake -E cmake_progress_report /build/kiss-script/pcompiler/build/CMakeFiles/CMakeTmp/CMakeFiles 1
Building CXX object CMakeFiles/cmTryCompileExec283467275.dir/CheckSymbolExists.cxx.o
/usr/bin/c++    -I/usr/include/qt4    -o CMakeFiles/cmTryCompileExec283467275.dir/CheckSymbolExists.cxx.o -c /build/kiss-script/pcompiler/build/CMakeFiles/CMakeTmp/CheckSymbolExists.cxx
/build/kiss-script/pcompiler/build/CMakeFiles/CMakeTmp/CheckSymbolExists.cxx: In function ‘int main(int, char**)’:
/build/kiss-script/pcompiler/build/CMakeFiles/CMakeTmp/CheckSymbolExists.cxx:8:19: error: ‘Q_WS_QWS’ was not declared in this scope
make[1]: *** [CMakeFiles/cmTryCompileExec283467275.dir/CheckSymbolExists.cxx.o] Error 1
make[1]: Leaving directory `/build/kiss-script/pcompiler/build/CMakeFiles/CMakeTmp'
make: *** [cmTryCompileExec283467275/fast] Error 2

File /build/kiss-script/pcompiler/build/CMakeFiles/CMakeTmp/CheckSymbolExists.cxx:
/* */
#include <QtCore/qglobal.h>

int main(int argc, char** argv)
{
  (void)argv;
#ifndef Q_WS_QWS
  return ((int*)(&Q_WS_QWS))[argc];
#else
  (void)argc;
  return 0;
#endif
}

Determining if the Q_WS_MAC exist failed with the following output:
Change Dir: /build/kiss-script/pcompiler/build/CMakeFiles/CMakeTmp

Run Build Command:/usr/bin/make "cmTryCompileExec3917380769/fast"
/usr/bin/make -f CMakeFiles/cmTryCompileExec3917380769.dir/build.make CMakeFiles/cmTryCompileExec3917380769.dir/build
make[1]: Entering directory `/build/kiss-script/pcompiler/build/CMakeFiles/CMakeTmp'
/usr/bin/cmake -E cmake_progress_report /build/kiss-script/pcompiler/build/CMakeFiles/CMakeTmp/CMakeFiles 1
Building CXX object CMakeFiles/cmTryCompileExec3917380769.dir/CheckSymbolExists.cxx.o
/usr/bin/c++    -I/usr/include/qt4    -o CMakeFiles/cmTryCompileExec3917380769.dir/CheckSymbolExists.cxx.o -c /build/kiss-script/pcompiler/build/CMakeFiles/CMakeTmp/CheckSymbolExists.cxx
/build/kiss-script/pcompiler/build/CMakeFiles/CMakeTmp/CheckSymbolExists.cxx: In function ‘int main(int, char**)’:
/build/kiss-script/pcompiler/build/CMakeFiles/CMakeTmp/CheckSymbolExists.cxx:8:19: error: ‘Q_WS_MAC’ was not declared in this scope
make[1]: *** [CMakeFiles/cmTryCompileExec3917380769.dir/CheckSymbolExists.cxx.o] Error 1
make[1]: Leaving directory `/build/kiss-script/pcompiler/build/CMakeFiles/CMakeTmp'
make: *** [cmTryCompileExec3917380769/fast] Error 2

File /build/kiss-script/pcompiler/build/CMakeFiles/CMakeTmp/CheckSymbolExists.cxx:
/* */
#include <QtCore/qglobal.h>

int main(int argc, char** argv)
{
  (void)argv;
#ifndef Q_WS_MAC
  return ((int*)(&Q_WS_MAC))[argc];
#else
  (void)argc;
  return 0;
#endif
}

