Determining if the Q_WS_X11 exist failed with the following output:
Change Dir: /build/kovan-serial/build/CMakeFiles/CMakeTmp

Run Build Command:/usr/bin/make "cmTryCompileExec3035622679/fast"
/usr/bin/make -f CMakeFiles/cmTryCompileExec3035622679.dir/build.make CMakeFiles/cmTryCompileExec3035622679.dir/build
make[1]: Entering directory `/build/kovan-serial/build/CMakeFiles/CMakeTmp'
/usr/bin/cmake -E cmake_progress_report /build/kovan-serial/build/CMakeFiles/CMakeTmp/CMakeFiles 1
Building CXX object CMakeFiles/cmTryCompileExec3035622679.dir/CheckSymbolExists.cxx.o
/usr/bin/c++    -I/usr/include/qt5    -o CMakeFiles/cmTryCompileExec3035622679.dir/CheckSymbolExists.cxx.o -c /build/kovan-serial/build/CMakeFiles/CMakeTmp/CheckSymbolExists.cxx
In file included from /build/kovan-serial/build/CMakeFiles/CMakeTmp/CheckSymbolExists.cxx:2:0:
/usr/include/qt5/QtCore/qglobal.h:1079:4: error: #error "You must build your code with position independent code if Qt was built with -reduce-relocations. " "Compile your code with -fPIC or -fPIE."
/build/kovan-serial/build/CMakeFiles/CMakeTmp/CheckSymbolExists.cxx: In function ‘int main(int, char**)’:
/build/kovan-serial/build/CMakeFiles/CMakeTmp/CheckSymbolExists.cxx:8:19: error: ‘Q_WS_X11’ was not declared in this scope
make[1]: *** [CMakeFiles/cmTryCompileExec3035622679.dir/CheckSymbolExists.cxx.o] Error 1
make[1]: Leaving directory `/build/kovan-serial/build/CMakeFiles/CMakeTmp'
make: *** [cmTryCompileExec3035622679/fast] Error 2

File /build/kovan-serial/build/CMakeFiles/CMakeTmp/CheckSymbolExists.cxx:
/* */
#include <QtCore/qglobal.h>

int main(int argc, char** argv)
{
  (void)argv;
#ifndef Q_WS_X11
  return ((int*)(&Q_WS_X11))[argc];
#else
  (void)argc;
  return 0;
#endif
}

Determining if the Q_WS_WIN exist failed with the following output:
Change Dir: /build/kovan-serial/build/CMakeFiles/CMakeTmp

Run Build Command:/usr/bin/make "cmTryCompileExec3623328123/fast"
/usr/bin/make -f CMakeFiles/cmTryCompileExec3623328123.dir/build.make CMakeFiles/cmTryCompileExec3623328123.dir/build
make[1]: Entering directory `/build/kovan-serial/build/CMakeFiles/CMakeTmp'
/usr/bin/cmake -E cmake_progress_report /build/kovan-serial/build/CMakeFiles/CMakeTmp/CMakeFiles 1
Building CXX object CMakeFiles/cmTryCompileExec3623328123.dir/CheckSymbolExists.cxx.o
/usr/bin/c++    -I/usr/include/qt5    -o CMakeFiles/cmTryCompileExec3623328123.dir/CheckSymbolExists.cxx.o -c /build/kovan-serial/build/CMakeFiles/CMakeTmp/CheckSymbolExists.cxx
In file included from /build/kovan-serial/build/CMakeFiles/CMakeTmp/CheckSymbolExists.cxx:2:0:
/usr/include/qt5/QtCore/qglobal.h:1079:4: error: #error "You must build your code with position independent code if Qt was built with -reduce-relocations. " "Compile your code with -fPIC or -fPIE."
/build/kovan-serial/build/CMakeFiles/CMakeTmp/CheckSymbolExists.cxx: In function ‘int main(int, char**)’:
/build/kovan-serial/build/CMakeFiles/CMakeTmp/CheckSymbolExists.cxx:8:19: error: ‘Q_WS_WIN’ was not declared in this scope
make[1]: *** [CMakeFiles/cmTryCompileExec3623328123.dir/CheckSymbolExists.cxx.o] Error 1
make[1]: Leaving directory `/build/kovan-serial/build/CMakeFiles/CMakeTmp'
make: *** [cmTryCompileExec3623328123/fast] Error 2

File /build/kovan-serial/build/CMakeFiles/CMakeTmp/CheckSymbolExists.cxx:
/* */
#include <QtCore/qglobal.h>

int main(int argc, char** argv)
{
  (void)argv;
#ifndef Q_WS_WIN
  return ((int*)(&Q_WS_WIN))[argc];
#else
  (void)argc;
  return 0;
#endif
}

Determining if the Q_WS_QWS exist failed with the following output:
Change Dir: /build/kovan-serial/build/CMakeFiles/CMakeTmp

Run Build Command:/usr/bin/make "cmTryCompileExec1692431175/fast"
/usr/bin/make -f CMakeFiles/cmTryCompileExec1692431175.dir/build.make CMakeFiles/cmTryCompileExec1692431175.dir/build
make[1]: Entering directory `/build/kovan-serial/build/CMakeFiles/CMakeTmp'
/usr/bin/cmake -E cmake_progress_report /build/kovan-serial/build/CMakeFiles/CMakeTmp/CMakeFiles 1
Building CXX object CMakeFiles/cmTryCompileExec1692431175.dir/CheckSymbolExists.cxx.o
/usr/bin/c++    -I/usr/include/qt5    -o CMakeFiles/cmTryCompileExec1692431175.dir/CheckSymbolExists.cxx.o -c /build/kovan-serial/build/CMakeFiles/CMakeTmp/CheckSymbolExists.cxx
In file included from /build/kovan-serial/build/CMakeFiles/CMakeTmp/CheckSymbolExists.cxx:2:0:
/usr/include/qt5/QtCore/qglobal.h:1079:4: error: #error "You must build your code with position independent code if Qt was built with -reduce-relocations. " "Compile your code with -fPIC or -fPIE."
/build/kovan-serial/build/CMakeFiles/CMakeTmp/CheckSymbolExists.cxx: In function ‘int main(int, char**)’:
/build/kovan-serial/build/CMakeFiles/CMakeTmp/CheckSymbolExists.cxx:8:19: error: ‘Q_WS_QWS’ was not declared in this scope
make[1]: *** [CMakeFiles/cmTryCompileExec1692431175.dir/CheckSymbolExists.cxx.o] Error 1
make[1]: Leaving directory `/build/kovan-serial/build/CMakeFiles/CMakeTmp'
make: *** [cmTryCompileExec1692431175/fast] Error 2

File /build/kovan-serial/build/CMakeFiles/CMakeTmp/CheckSymbolExists.cxx:
/* */
#include <QtCore/qglobal.h>

int main(int argc, char** argv)
{
  (void)argv;
#ifndef Q_WS_QWS
  return ((int*)(&Q_WS_QWS))[argc];
#else
  (void)argc;
  return 0;
#endif
}

Determining if the Q_WS_MAC exist failed with the following output:
Change Dir: /build/kovan-serial/build/CMakeFiles/CMakeTmp

Run Build Command:/usr/bin/make "cmTryCompileExec3483193492/fast"
/usr/bin/make -f CMakeFiles/cmTryCompileExec3483193492.dir/build.make CMakeFiles/cmTryCompileExec3483193492.dir/build
make[1]: Entering directory `/build/kovan-serial/build/CMakeFiles/CMakeTmp'
/usr/bin/cmake -E cmake_progress_report /build/kovan-serial/build/CMakeFiles/CMakeTmp/CMakeFiles 1
Building CXX object CMakeFiles/cmTryCompileExec3483193492.dir/CheckSymbolExists.cxx.o
/usr/bin/c++    -I/usr/include/qt5    -o CMakeFiles/cmTryCompileExec3483193492.dir/CheckSymbolExists.cxx.o -c /build/kovan-serial/build/CMakeFiles/CMakeTmp/CheckSymbolExists.cxx
In file included from /build/kovan-serial/build/CMakeFiles/CMakeTmp/CheckSymbolExists.cxx:2:0:
/usr/include/qt5/QtCore/qglobal.h:1079:4: error: #error "You must build your code with position independent code if Qt was built with -reduce-relocations. " "Compile your code with -fPIC or -fPIE."
/build/kovan-serial/build/CMakeFiles/CMakeTmp/CheckSymbolExists.cxx: In function ‘int main(int, char**)’:
/build/kovan-serial/build/CMakeFiles/CMakeTmp/CheckSymbolExists.cxx:8:19: error: ‘Q_WS_MAC’ was not declared in this scope
make[1]: *** [CMakeFiles/cmTryCompileExec3483193492.dir/CheckSymbolExists.cxx.o] Error 1
make[1]: Leaving directory `/build/kovan-serial/build/CMakeFiles/CMakeTmp'
make: *** [cmTryCompileExec3483193492/fast] Error 2

File /build/kovan-serial/build/CMakeFiles/CMakeTmp/CheckSymbolExists.cxx:
/* */
#include <QtCore/qglobal.h>

int main(int argc, char** argv)
{
  (void)argv;
#ifndef Q_WS_MAC
  return ((int*)(&Q_WS_MAC))[argc];
#else
  (void)argc;
  return 0;
#endif
}

